build/app/outputs/mapping/release/seeds.txt
com.example.medappfv.MainActivity
com.example.medappfv.MainActivity: MainActivity()
...
com.google.android.gms.internal.firebase-auth-api.zzxa: java.lang.Object zza(java.lang.String)
com.google.android.gms.internal.auth.zzhd: boolean zzd(byte[],int,int)
com.google.android.gms.internal.auth.zzdr: void removeRange(int,int)
androidx.versionedparcelable.CustomVersionedParcelable: CustomVersionedParcelable()
com.google.android.gms.internal.firebase-auth-api.zzay: int zzb()
com.google.android.recaptcha.internal.zzam: zzam()
com.google.android.gms.internal.firebase-auth-api.zzamd: void zzb(java.lang.Object,int,long)
com.google.android.gms.internal.auth.zzau: zzau(android.os.IBinder)
androidx.privacysandbox.ads.adservices.java.measurement.MeasurementManagerFutures$Api33Ext5JavaImpl: com.google.common.util.concurrent.ListenableFuture getMeasurementApiStatusAsync()
com.google.android.gms.internal.firebase-auth-api.zzat: zzat(int)
com.google.android.gms.internal.firebase-auth-api.zzoh: zzoh(java.lang.Class,java.lang.Class,com.google.android.gms.internal.firebase-auth-api.zzog)
com.google.android.gms.internal.auth.zzbx: java.lang.Object[] newArray(int)
com.google.android.gms.internal.measurement.zzcu: void logEvent(java.lang.String,java.lang.String,android.os.Bundle,boolean,boolean,long)
com.google.android.gms.internal.firebase-auth-api.zzahz: zzahz(com.google.android.gms.internal.firebase-auth-api.zzahy)
com.google.android.gms.internal.measurement.zzfi$zzj: void zzcq()
com.google.android.gms.internal.firebase-auth-api.zzsc: com.google.android.gms.internal.firebase-auth-api.zzsc zzc()
com.google.android.gms.internal.measurement.zzng: long zzm()
com.google.android.gms.internal.firebase-auth-api.zzaja$zzb: void zzi()
com.google.android.gms.internal.firebase-auth-api.zzyj: java.lang.String zzd()
kotlinx.coroutines.internal.ThreadSafeHeap: ThreadSafeHeap()
com.google.android.gms.tasks.zzaf: void onCanceled()
com.google.android.gms.internal.measurement.zzfc$zzd$zza: java.util.List zzd()
com.google.android.gms.internal.fitness.zzdr: void zzd(com.google.android.gms.fitness.result.DataReadResult)
com.google.android.gms.internal.measurement.zzkv: void zza(com.google.android.gms.internal.measurement.zzmi,java.lang.Object,com.google.android.gms.internal.measurement.zzne)
com.google.android.gms.internal.measurement.zzjq: com.google.android.gms.internal.measurement.zzjq zzb()
kotlin.jvm.internal.CallableReference: kotlin.reflect.KType getReturnType()
com.google.android.gms.internal.firebase-auth-api.zzdz: void zza(boolean)
com.google.android.gms.internal.firebase-auth-api.zzak: int nextIndex()
io.flutter.plugins.imagepicker.Messages$SourceCamera: io.flutter.plugins.imagepicker.Messages$SourceCamera valueOf(java.lang.String)
com.google.android.gms.internal.firebase-auth-api.zzald: long zzo()
com.google.android.gms.internal.fitness.zzao: com.google.android.gms.common.api.Api$Client buildClient(android.content.Context,android.os.Looper,com.google.android.gms.common.internal.ClientSettings,java.lang.Object,com.google.android.gms.common.api.GoogleApiClient$ConnectionCallbacks,com.google.android.gms.common.api.GoogleApiClient$OnConnectionFailedListener)
com.google.android.gms.internal.measurement.zzfi$zza$zza: zzfi$zza$zza()
com.google.android.gms.internal.firebase-auth-api.zzae: int zza(int)
com.google.android.gms.internal.measurement.zzfi$zzj: void zze(long)
com.google.android.gms.common.api.ApiException: ApiException(com.google.android.gms.common.api.Status)
com.google.android.recaptcha.internal.zzlt: void zzd(java.lang.Object,long,byte)
com.google.android.gms.internal.auth.zzdi: java.lang.String toString()
com.google.firebase.installations.remote.InstallationResponse: InstallationResponse()
com.google.android.recaptcha.internal.zzba: long zzb()
com.google.android.gms.internal.firebase-auth-api.zzsh: void zza(com.google.android.gms.internal.firebase-auth-api.zzsh,com.google.android.gms.internal.firebase-auth-api.zzsl)
androidx.core.content.FileProvider: FileProvider()