build/app/outputs/mapping/release/mapping.txt
# compiler: R8
# compiler_version: 4.0.52
# min_api: 26
# common_typos_disable
# {"id":"com.android.tools.r8.mapping","version":"2.1"}
# pg_map_id: 53f96fc
# pg_map_hash: SHA-256 53f96fcc81924f223a0caa988a1beafa96aaf22d5e5beec70ebc2c917e8a32a9
...
com.google.android.gms.measurement.internal.zzjz -> m2.y:
    void zza(java.lang.String,java.lang.String,android.os.Bundle) -> a
    java.util.List zza(java.lang.String,java.lang.String) -> b
    java.util.Map zza(java.lang.String,java.lang.String,boolean) -> c
    void zzb(java.lang.String,java.lang.String,android.os.Bundle) -> d
com.google.android.gms.measurement.internal.zzk -> com.google.android.gms.measurement.internal.k8:
    com.google.android.gms.internal.measurement.zzcv zza -> a
    java.lang.String zzc -> c
    java.lang.String zzb -> b
    boolean zzd -> d
    com.google.android.gms.measurement.internal.AppMeasurementDynamiteService zze -> e
com.google.android.gms.measurement.internal.zzka -> com.google.android.gms.measurement.internal.l8:
    com.google.android.gms.measurement.internal.zzjx zze -> e
    boolean zza -> a
    java.lang.String zzc -> c
    android.net.Uri zzb -> b
    java.lang.String zzd -> d
com.google.android.gms.measurement.internal.zzkb -> com.google.android.gms.measurement.internal.m8:
    void zza(java.lang.String,int,java.lang.Throwable,byte[],java.util.Map) -> a
com.google.android.gms.measurement.internal.zzkc -> com.google.android.gms.measurement.internal.n8:
    com.google.android.gms.measurement.internal.zzag zze() -> a
    com.google.android.gms.measurement.internal.zzay zzf() -> c
    com.google.android.gms.measurement.internal.zzfo zzi() -> d
    com.google.android.gms.measurement.internal.zzgb zzk() -> e
    com.google.android.gms.measurement.internal.zzng zzq() -> f
    void zzr() -> g
    void zzs() -> h
    void zzt() -> i
    boolean zzo() -> o
    byte[] zza(com.google.android.gms.measurement.internal.zzkc,java.net.HttpURLConnection) -> p
    byte[] zza(java.net.HttpURLConnection) -> q
    boolean zzc() -> r
com.google.android.gms.measurement.internal.zzkd -> com.google.android.gms.measurement.internal.o8:
    com.google.android.gms.measurement.internal.zzke zza -> a
    int zzb -> b
    byte[] zzd -> d
    java.util.Map zze -> e
    java.lang.Exception zzc -> c
com.google.android.gms.measurement.internal.zzke -> com.google.android.gms.measurement.internal.p8:
    byte[] zzb -> b
    java.net.URL zza -> a
    java.util.Map zze -> e
    com.google.android.gms.measurement.internal.zzkb zzc -> c
    java.lang.String zzd -> d
    com.google.android.gms.measurement.internal.zzkc zzf -> f
    void zza(int,java.lang.Exception,byte[],java.util.Map) -> a
    void zzb(int,java.lang.Exception,byte[],java.util.Map) -> b
com.google.android.gms.measurement.internal.zzkf -> m2.z:
    java.lang.String zza(java.lang.String,java.lang.String[],java.lang.String[]) -> a
com.google.android.gms.measurement.internal.zzkg -> com.google.android.gms.measurement.internal.q8:
    java.lang.String zza(java.lang.String,java.lang.String) -> b
    boolean zzc() -> s
    byte[] zza(com.google.android.gms.measurement.internal.zzbe,java.lang.String) -> t