build/app/outputs/mapping/release/usage.txt
com.example.medappfv.BuildConfig
com.example.medappfv.R$anim
com.example.medappfv.R$animator
com.example.medappfv.R$attr
com.example.medappfv.R$color
com.example.medappfv.R$dimen
com.example.medappfv.R$drawable
com.example.medappfv.R$id
com.example.medappfv.R$integer
com.example.medappfv.R$layout
com.example.medappfv.R$mipmap
com.example.medappfv.R$raw
com.example.medappfv.R$string
com.example.medappfv.R$style
com.example.medappfv.R$styleable
com.example.medappfv.R$xml
com.example.medappfv.R
...
com.google.common.collect.Maps$IteratorBasedAbstractMap
com.google.common.collect.Maps$KeySet
com.google.common.collect.Maps$MapDifferenceImpl
com.google.common.collect.Maps$NavigableAsMapView
com.google.common.collect.Maps$NavigableKeySet
com.google.common.collect.Maps$SortedAsMapView
com.google.common.collect.Maps$SortedKeySet
com.google.common.collect.Maps$SortedMapDifferenceImpl
com.google.common.collect.Maps$TransformedEntriesMap
com.google.common.collect.Maps$TransformedEntriesNavigableMap
com.google.common.collect.Maps$TransformedEntriesSortedMap
com.google.common.collect.Maps$UnmodifiableBiMap
com.google.common.collect.Maps$UnmodifiableEntries
com.google.common.collect.Maps$UnmodifiableEntrySet
com.google.common.collect.Maps$UnmodifiableNavigableMap
com.google.common.collect.Maps$ValueDifferenceImpl
com.google.common.collect.Maps$Values
com.google.common.collect.Maps$ViewCachingAbstractMap
com.google.common.collect.Maps:
    private void <init>()
    static synthetic java.util.Map access$100(java.util.Map)
    static synthetic java.util.Set access$200(java.util.Set)
    static synthetic java.util.SortedSet access$300(java.util.SortedSet)
    static synthetic java.util.NavigableSet access$400(java.util.NavigableSet)
    static synthetic java.util.Map$Entry access$800(java.util.Map$Entry)
    public static com.google.common.base.Converter asConverter(com.google.common.collect.BiMap)
    static com.google.common.base.Function asEntryToEntryFunction(com.google.common.collect.Maps$EntryTransformer)
    static com.google.common.base.Function asEntryToValueFunction(com.google.common.collect.Maps$EntryTransformer)
    static com.google.common.collect.Maps$EntryTransformer asEntryTransformer(com.google.common.base.Function)
    public static java.util.Map asMap(java.util.Set,com.google.common.base.Function)
    public static java.util.NavigableMap asMap(java.util.NavigableSet,com.google.common.base.Function)
    public static java.util.SortedMap asMap(java.util.SortedSet,com.google.common.base.Function)
    static java.util.Iterator asMapEntryIterator(java.util.Set,com.google.common.base.Function)
    static com.google.common.base.Function asValueToValueFunction(com.google.common.collect.Maps$EntryTransformer,java.lang.Object)
    static int capacity(int)
    static boolean containsEntryImpl(java.util.Collection,java.lang.Object)
com.google.common.collect.MinMaxPriorityQueue$1
com.google.common.collect.MinMaxPriorityQueue$Builder
com.google.common.collect.MinMaxPriorityQueue$Heap
com.google.common.collect.MinMaxPriorityQueue$MoveDesc
com.google.common.collect.MinMaxPriorityQueue$QueueIterator
com.google.common.collect.MinMaxPriorityQueue
com.google.common.collect.Multimap:
    public abstract void clear()
    public abstract boolean containsEntry(java.lang.Object,java.lang.Object)
    public abstract boolean containsKey(java.lang.Object)
    public abstract boolean containsValue(java.lang.Object)
    public abstract java.util.Collection entries()
    public abstract boolean equals(java.lang.Object)
    public abstract java.util.Collection get(java.lang.Object)
    public abstract int hashCode()
    public abstract boolean isEmpty()
    public abstract java.util.Set keySet()
    public abstract com.google.common.collect.Multiset keys()
    public abstract boolean put(java.lang.Object,java.lang.Object)
    public abstract boolean putAll(com.google.common.collect.Multimap)
    public abstract boolean putAll(java.lang.Object,java.lang.Iterable)
    public abstract boolean remove(java.lang.Object,java.lang.Object)
    public abstract java.util.Collection removeAll(java.lang.Object)
    public abstract java.util.Collection replaceValues(java.lang.Object,java.lang.Iterable)
    public abstract int size()
    public abstract java.util.Collection values()
com.google.common.collect.MultimapBuilder$1
com.google.common.collect.MultimapBuilder$2
com.google.common.collect.MultimapBuilder$3
com.google.common.collect.MultimapBuilder$4